[ 2015-02-27T09:14:01+08:00 ] 127.0.0.1 /ifr_status/
INFO: [ app_init ] --START--
INFO: Run Behavior\BuildLiteBehavior [ RunTime:0.000017s ]
INFO: [ app_init ] --END-- [ RunTime:0.000428s ]
INFO: [ app_begin ] --START--
INFO: Run Behavior\ReadHtmlCacheBehavior [ RunTime:0.000497s ]
INFO: [ app_begin ] --END-- [ RunTime:0.000573s ]
SQL: SHOW COLUMNS FROM `dantes_config` [ RunTime:0.2685s ]
SQL: SELECT * FROM `dantes_config` WHERE ( id=1 ) LIMIT 1   [ RunTime:0.0014s ]
SQL: SHOW COLUMNS FROM `dantes_navigation` [ RunTime:0.0380s ]
SQL: SELECT * FROM `dantes_navigation` WHERE ( nav=1 ) ORDER BY sort  [ RunTime:0.0007s ]
NOTIC: [8] Undefined index: wei_ W:\www\weitCME\Modules\Home\Controller\CommonController.class.php 第 24 行.
SQL: SHOW COLUMNS FROM `dantes_member` [ RunTime:0.0118s ]
SQL: SELECT * FROM `dantes_member` WHERE `uid` = null LIMIT 1   [ RunTime:0.0286s ]
SQL: SELECT * FROM `dantes_navigation` WHERE `url` = 'ifr_status' LIMIT 1   [ RunTime:0.0007s ]
INFO: [ view_parse ] --START--
INFO: [ template_filter ] --START--
INFO: Run Behavior\ContentReplaceBehavior [ RunTime:0.000499s ]
INFO: [ template_filter ] --END-- [ RunTime:0.000691s ]
INFO: Run Behavior\ParseTemplateBehavior [ RunTime:0.073021s ]
INFO: [ view_parse ] --END-- [ RunTime:0.073116s ]
INFO: [ view_filter ] --START--
INFO: Run Behavior\WriteHtmlCacheBehavior [ RunTime:0.000889s ]
INFO: Run Behavior\TokenBuildBehavior [ RunTime:0.020149s ]
INFO: [ view_filter ] --END-- [ RunTime:0.021185s ]
INFO: [ app_end ] --START--
INFO: Run Behavior\ShowPageTraceBehavior [ RunTime:0.000875s ]
INFO: [ app_end ] --END-- [ RunTime:0.000942s ]

[ 2015-02-27T09:43:57+08:00 ] 127.0.0.1 /ifr_status/
INFO: [ app_init ] --START--
INFO: Run Behavior\BuildLiteBehavior [ RunTime:0.000015s ]
INFO: [ app_init ] --END-- [ RunTime:0.000402s ]
INFO: [ app_begin ] --START--
INFO: Run Behavior\ReadHtmlCacheBehavior [ RunTime:0.000423s ]
INFO: [ app_begin ] --END-- [ RunTime:0.000467s ]
SQL: SHOW COLUMNS FROM `dantes_navigation` [ RunTime:0.0046s ]
SQL: SELECT * FROM `dantes_navigation` WHERE ( nav=1 ) ORDER BY sort  [ RunTime:0.0008s ]
NOTIC: [8] Undefined index: wei_ W:\www\weitCME\Modules\Home\Controller\CommonController.class.php 第 24 行.
SQL: SHOW COLUMNS FROM `dantes_member` [ RunTime:0.0047s ]
SQL: SELECT * FROM `dantes_member` WHERE `uid` = null LIMIT 1   [ RunTime:0.0005s ]
SQL: SELECT * FROM `dantes_navigation` WHERE `url` = 'ifr_status' LIMIT 1   [ RunTime:0.0217s ]
INFO: [ view_parse ] --START--
INFO: [ template_filter ] --START--
INFO: Run Behavior\ContentReplaceBehavior [ RunTime:0.000274s ]
INFO: [ template_filter ] --END-- [ RunTime:0.000331s ]
INFO: Run Behavior\ParseTemplateBehavior [ RunTime:0.018489s ]
INFO: [ view_parse ] --END-- [ RunTime:0.018537s ]
INFO: [ view_filter ] --START--
INFO: Run Behavior\WriteHtmlCacheBehavior [ RunTime:0.000262s ]
INFO: Run Behavior\TokenBuildBehavior [ RunTime:0.000779s ]
INFO: [ view_filter ] --END-- [ RunTime:0.001097s ]
INFO: [ app_end ] --START--
INFO: Run Behavior\ShowPageTraceBehavior [ RunTime:0.000435s ]
INFO: [ app_end ] --END-- [ RunTime:0.000471s ]

[ 2015-02-27T10:13:58+08:00 ] 127.0.0.1 /ifr_status/
INFO: [ app_init ] --START--
INFO: Run Behavior\BuildLiteBehavior [ RunTime:0.000019s ]
INFO: [ app_init ] --END-- [ RunTime:0.000524s ]
INFO: [ app_begin ] --START--
INFO: Run Behavior\ReadHtmlCacheBehavior [ RunTime:0.000735s ]
INFO: [ app_begin ] --END-- [ RunTime:0.000803s ]
SQL: SHOW COLUMNS FROM `dantes_navigation` [ RunTime:0.0047s ]
SQL: SELECT * FROM `dantes_navigation` WHERE ( nav=1 ) ORDER BY sort  [ RunTime:0.0007s ]
NOTIC: [8] Undefined index: wei_ W:\www\weitCME\Modules\Home\Controller\CommonController.class.php 第 24 行.
SQL: SHOW COLUMNS FROM `dantes_member` [ RunTime:0.0042s ]
SQL: SELECT * FROM `dantes_member` WHERE `uid` = null LIMIT 1   [ RunTime:0.0004s ]
SQL: SELECT * FROM `dantes_navigation` WHERE `url` = 'ifr_status' LIMIT 1   [ RunTime:0.0005s ]
INFO: [ view_parse ] --START--
INFO: [ template_filter ] --START--
INFO: Run Behavior\ContentReplaceBehavior [ RunTime:0.000278s ]
INFO: [ template_filter ] --END-- [ RunTime:0.000338s ]
INFO: Run Behavior\ParseTemplateBehavior [ RunTime:0.020279s ]
INFO: [ view_parse ] --END-- [ RunTime:0.020330s ]
INFO: [ view_filter ] --START--
INFO: Run Behavior\WriteHtmlCacheBehavior [ RunTime:0.000237s ]
INFO: Run Behavior\TokenBuildBehavior [ RunTime:0.000781s ]
INFO: [ view_filter ] --END-- [ RunTime:0.001075s ]
INFO: [ app_end ] --START--
INFO: Run Behavior\ShowPageTraceBehavior [ RunTime:0.000423s ]
INFO: [ app_end ] --END-- [ RunTime:0.000468s ]

[ 2015-02-27T10:19:49+08:00 ] 127.0.0.1 /ifr_status/
INFO: [ app_init ] --START--
INFO: Run Behavior\BuildLiteBehavior [ RunTime:0.000025s ]
INFO: [ app_init ] --END-- [ RunTime:0.000551s ]
INFO: [ app_begin ] --START--
INFO: Run Behavior\ReadHtmlCacheBehavior [ RunTime:0.000463s ]
INFO: [ app_begin ] --END-- [ RunTime:0.000531s ]
SQL: SHOW COLUMNS FROM `dantes_navigation` [ RunTime:0.0122s ]
SQL: SELECT * FROM `dantes_navigation` WHERE ( nav=1 ) ORDER BY sort  [ RunTime:0.0006s ]
NOTIC: [8] Undefined index: wei_ W:\www\weitCME\Modules\Home\Controller\CommonController.class.php 第 24 行.
SQL: SHOW COLUMNS FROM `dantes_member` [ RunTime:0.0307s ]
SQL: SELECT * FROM `dantes_member` WHERE `uid` = null LIMIT 1   [ RunTime:0.0004s ]
SQL: SELECT * FROM `dantes_navigation` WHERE `url` = 'ifr_status' LIMIT 1   [ RunTime:0.0004s ]
INFO: [ view_parse ] --START--
INFO: [ template_filter ] --START--
INFO: Run Behavior\ContentReplaceBehavior [ RunTime:0.000471s ]
INFO: [ template_filter ] --END-- [ RunTime:0.000561s ]
INFO: Run Behavior\ParseTemplateBehavior [ RunTime:0.023256s ]
INFO: [ view_parse ] --END-- [ RunTime:0.023333s ]
INFO: [ view_filter ] --START--
INFO: Run Behavior\WriteHtmlCacheBehavior [ RunTime:0.000354s ]
INFO: Run Behavior\TokenBuildBehavior [ RunTime:0.001347s ]
INFO: [ view_filter ] --END-- [ RunTime:0.001811s ]
INFO: [ app_end ] --START--
INFO: Run Behavior\ShowPageTraceBehavior [ RunTime:0.000785s ]
INFO: [ app_end ] --END-- [ RunTime:0.000847s ]

[ 2015-02-27T10:49:49+08:00 ] 127.0.0.1 /ifr_status/
INFO: [ app_init ] --START--
INFO: Run Behavior\BuildLiteBehavior [ RunTime:0.000016s ]
INFO: [ app_init ] --END-- [ RunTime:0.000402s ]
INFO: [ app_begin ] --START--
INFO: Run Behavior\ReadHtmlCacheBehavior [ RunTime:0.000434s ]
INFO: [ app_begin ] --END-- [ RunTime:0.000480s ]
SQL: SHOW COLUMNS FROM `dantes_navigation` [ RunTime:0.0054s ]
SQL: SELECT * FROM `dantes_navigation` WHERE ( nav=1 ) ORDER BY sort  [ RunTime:0.0318s ]
NOTIC: [8] Undefined index: wei_ W:\www\weitCME\Modules\Home\Controller\CommonController.class.php 第 24 行.
SQL: SHOW COLUMNS FROM `dantes_member` [ RunTime:0.0046s ]
SQL: SELECT * FROM `dantes_member` WHERE `uid` = null LIMIT 1   [ RunTime:0.0005s ]
SQL: SELECT * FROM `dantes_navigation` WHERE `url` = 'ifr_status' LIMIT 1   [ RunTime:0.0004s ]
INFO: [ view_parse ] --START--
INFO: [ template_filter ] --START--
INFO: Run Behavior\ContentReplaceBehavior [ RunTime:0.000278s ]
INFO: [ template_filter ] --END-- [ RunTime:0.000336s ]
INFO: Run Behavior\ParseTemplateBehavior [ RunTime:0.019478s ]
INFO: [ view_parse ] --END-- [ RunTime:0.019529s ]
INFO: [ view_filter ] --START--
INFO: Run Behavior\WriteHtmlCacheBehavior [ RunTime:0.000265s ]
INFO: Run Behavior\TokenBuildBehavior [ RunTime:0.000869s ]
INFO: [ view_filter ] --END-- [ RunTime:0.001193s ]
INFO: [ app_end ] --START--
INFO: Run Behavior\ShowPageTraceBehavior [ RunTime:0.000487s ]
INFO: [ app_end ] --END-- [ RunTime:0.000525s ]

[ 2015-02-27T11:20:16+08:00 ] 127.0.0.1 /ifr_status/
INFO: [ app_init ] --START--
INFO: Run Behavior\BuildLiteBehavior [ RunTime:0.000015s ]
INFO: [ app_init ] --END-- [ RunTime:0.000422s ]
INFO: [ app_begin ] --START--
INFO: Run Behavior\ReadHtmlCacheBehavior [ RunTime:0.000660s ]
INFO: [ app_begin ] --END-- [ RunTime:0.000733s ]
SQL: SHOW COLUMNS FROM `dantes_navigation` [ RunTime:0.1622s ]
SQL: SELECT * FROM `dantes_navigation` WHERE ( nav=1 ) ORDER BY sort  [ RunTime:0.0476s ]
NOTIC: [8] Undefined index: wei_ W:\www\weitCME\Modules\Home\Controller\CommonController.class.php 第 24 行.
SQL: SHOW COLUMNS FROM `dantes_member` [ RunTime:0.1000s ]
SQL: SELECT * FROM `dantes_member` WHERE `uid` = null LIMIT 1   [ RunTime:0.0007s ]
SQL: SELECT * FROM `dantes_navigation` WHERE `url` = 'ifr_status' LIMIT 1   [ RunTime:0.0006s ]
INFO: [ view_parse ] --START--
INFO: [ template_filter ] --START--
INFO: Run Behavior\ContentReplaceBehavior [ RunTime:0.000329s ]
INFO: [ template_filter ] --END-- [ RunTime:0.000397s ]
INFO: Run Behavior\ParseTemplateBehavior [ RunTime:0.097416s ]
INFO: [ view_parse ] --END-- [ RunTime:0.097510s ]
INFO: [ view_filter ] --START--
INFO: Run Behavior\WriteHtmlCacheBehavior [ RunTime:0.000322s ]
INFO: Run Behavior\TokenBuildBehavior [ RunTime:0.000934s ]
INFO: [ view_filter ] --END-- [ RunTime:0.001332s ]
INFO: [ app_end ] --START--
INFO: Run Behavior\ShowPageTraceBehavior [ RunTime:0.000508s ]
INFO: [ app_end ] --END-- [ RunTime:0.000551s ]

